<?xml version="1.0" encoding="UTF-8"?>
<testng-results ignored="0" total="5" passed="4" failed="1" skipped="0">
  <reporter-output>
  </reporter-output>
  <suite started-at="2024-12-11T14:37:16 TRT" name="All Test Suite" finished-at="2024-12-11T14:41:04 TRT" duration-ms="228246">
    <groups>
    </groups>
    <test started-at="2024-12-11T14:37:16 TRT" name="Test with browser parameter" finished-at="2024-12-11T14:41:04 TRT" duration-ms="228246">
      <class name="tests.CareersTest">
        <test-method is-config="true" signature="setup(java.lang.String)[pri:0, instance:tests.CareersTest@71b1176b]" started-at="2024-12-11T14:37:16 TRT" name="setup" finished-at="2024-12-11T14:37:53 TRT" duration-ms="36797" status="PASS">
          <params>
            <param index="0">
              <value>
                <![CDATA[firefox]]>
              </value>
            </param>
          </params>
          <reporter-output>
          </reporter-output>
        </test-method> <!-- setup -->
        <test-method signature="testCase1_CheckHomePageOpened()[pri:0, instance:tests.CareersTest@71b1176b]" started-at="2024-12-11T14:37:53 TRT" name="testCase1_CheckHomePageOpened" finished-at="2024-12-11T14:37:53 TRT" duration-ms="8" status="PASS">
          <reporter-output>
          </reporter-output>
        </test-method> <!-- testCase1_CheckHomePageOpened -->
        <test-method is-config="true" signature="teardown(org.testng.ITestResult)[pri:0, instance:tests.CareersTest@71b1176b]" started-at="2024-12-11T14:37:53 TRT" name="teardown" finished-at="2024-12-11T14:37:53 TRT" duration-ms="700" status="PASS">
          <params>
            <param index="0">
              <value>
                <![CDATA[[TestResult name=testCase1_CheckHomePageOpened status=SUCCESS method=CareersTest.testCase1_CheckHomePageOpened()[pri:0, instance:tests.CareersTest@71b1176b] output={null}]]]>
              </value>
            </param>
          </params>
          <reporter-output>
          </reporter-output>
        </test-method> <!-- teardown -->
        <test-method is-config="true" signature="setup(java.lang.String)[pri:0, instance:tests.CareersTest@71b1176b]" started-at="2024-12-11T14:37:53 TRT" name="setup" finished-at="2024-12-11T14:38:29 TRT" duration-ms="35783" status="PASS">
          <params>
            <param index="0">
              <value>
                <![CDATA[firefox]]>
              </value>
            </param>
          </params>
          <reporter-output>
          </reporter-output>
        </test-method> <!-- setup -->
        <test-method signature="testCase2_CheckCareersPageAndSections()[pri:0, instance:tests.CareersTest@71b1176b]" started-at="2024-12-11T14:38:29 TRT" name="testCase2_CheckCareersPageAndSections" finished-at="2024-12-11T14:38:32 TRT" duration-ms="3069" status="PASS">
          <reporter-output>
          </reporter-output>
        </test-method> <!-- testCase2_CheckCareersPageAndSections -->
        <test-method is-config="true" signature="teardown(org.testng.ITestResult)[pri:0, instance:tests.CareersTest@71b1176b]" started-at="2024-12-11T14:38:32 TRT" name="teardown" finished-at="2024-12-11T14:38:33 TRT" duration-ms="824" status="PASS">
          <params>
            <param index="0">
              <value>
                <![CDATA[[TestResult name=testCase2_CheckCareersPageAndSections status=SUCCESS method=CareersTest.testCase2_CheckCareersPageAndSections()[pri:0, instance:tests.CareersTest@71b1176b] output={null}]]]>
              </value>
            </param>
          </params>
          <reporter-output>
          </reporter-output>
        </test-method> <!-- teardown -->
        <test-method is-config="true" signature="setup(java.lang.String)[pri:0, instance:tests.CareersTest@71b1176b]" started-at="2024-12-11T14:38:33 TRT" name="setup" finished-at="2024-12-11T14:39:09 TRT" duration-ms="35711" status="PASS">
          <params>
            <param index="0">
              <value>
                <![CDATA[firefox]]>
              </value>
            </param>
          </params>
          <reporter-output>
          </reporter-output>
        </test-method> <!-- setup -->
        <test-method signature="testCase3_FilterQAJobsByLocationAndDepartment()[pri:0, instance:tests.CareersTest@71b1176b]" started-at="2024-12-11T14:39:09 TRT" name="testCase3_FilterQAJobsByLocationAndDepartment" finished-at="2024-12-11T14:39:12 TRT" duration-ms="3124" status="PASS">
          <reporter-output>
          </reporter-output>
        </test-method> <!-- testCase3_FilterQAJobsByLocationAndDepartment -->
        <test-method is-config="true" signature="teardown(org.testng.ITestResult)[pri:0, instance:tests.CareersTest@71b1176b]" started-at="2024-12-11T14:39:12 TRT" name="teardown" finished-at="2024-12-11T14:39:13 TRT" duration-ms="707" status="PASS">
          <params>
            <param index="0">
              <value>
                <![CDATA[[TestResult name=testCase3_FilterQAJobsByLocationAndDepartment status=SUCCESS method=CareersTest.testCase3_FilterQAJobsByLocationAndDepartment()[pri:0, instance:tests.CareersTest@71b1176b] output={null}]]]>
              </value>
            </param>
          </params>
          <reporter-output>
          </reporter-output>
        </test-method> <!-- teardown -->
        <test-method is-config="true" signature="setup(java.lang.String)[pri:0, instance:tests.CareersTest@71b1176b]" started-at="2024-12-11T14:39:13 TRT" name="setup" finished-at="2024-12-11T14:39:49 TRT" duration-ms="36022" status="PASS">
          <params>
            <param index="0">
              <value>
                <![CDATA[firefox]]>
              </value>
            </param>
          </params>
          <reporter-output>
          </reporter-output>
        </test-method> <!-- setup -->
        <test-method signature="testCase4_VerifyJobDetails()[pri:0, instance:tests.CareersTest@71b1176b]" started-at="2024-12-11T14:39:49 TRT" name="testCase4_VerifyJobDetails" finished-at="2024-12-11T14:39:52 TRT" duration-ms="3753" status="PASS">
          <reporter-output>
          </reporter-output>
        </test-method> <!-- testCase4_VerifyJobDetails -->
        <test-method is-config="true" signature="teardown(org.testng.ITestResult)[pri:0, instance:tests.CareersTest@71b1176b]" started-at="2024-12-11T14:39:52 TRT" name="teardown" finished-at="2024-12-11T14:39:53 TRT" duration-ms="702" status="PASS">
          <params>
            <param index="0">
              <value>
                <![CDATA[[TestResult name=testCase4_VerifyJobDetails status=SUCCESS method=CareersTest.testCase4_VerifyJobDetails()[pri:0, instance:tests.CareersTest@71b1176b] output={null}]]]>
              </value>
            </param>
          </params>
          <reporter-output>
          </reporter-output>
        </test-method> <!-- teardown -->
        <test-method is-config="true" signature="setup(java.lang.String)[pri:0, instance:tests.CareersTest@71b1176b]" started-at="2024-12-11T14:39:53 TRT" name="setup" finished-at="2024-12-11T14:40:29 TRT" duration-ms="36111" status="PASS">
          <params>
            <param index="0">
              <value>
                <![CDATA[firefox]]>
              </value>
            </param>
          </params>
          <reporter-output>
          </reporter-output>
        </test-method> <!-- setup -->
        <test-method signature="testCase5_CheckLeverApplicationForm()[pri:0, instance:tests.CareersTest@71b1176b]" started-at="2024-12-11T14:40:29 TRT" name="testCase5_CheckLeverApplicationForm" finished-at="2024-12-11T14:41:03 TRT" duration-ms="34139" status="FAIL">
          <exception class="java.lang.AssertionError">
            <message>
              <![CDATA[The redirected URL is incorrect! expected [true] but found [false]]]>
            </message>
            <full-stacktrace>
              <![CDATA[java.lang.AssertionError: The redirected URL is incorrect! expected [true] but found [false]
at org.testng.Assert.fail(Assert.java:111)
at org.testng.Assert.failNotEquals(Assert.java:1578)
at org.testng.Assert.assertTrue(Assert.java:57)
at pages.QAJobsPage.verifyRedirectedURLInNewTab(QAJobsPage.java:129)
at tests.CareersTest.testCase5_CheckLeverApplicationForm(CareersTest.java:79)
at java.base/jdk.internal.reflect.NativeMethodAccessorImpl.invoke0(Native Method)
at java.base/jdk.internal.reflect.NativeMethodAccessorImpl.invoke(NativeMethodAccessorImpl.java:77)
at java.base/jdk.internal.reflect.DelegatingMethodAccessorImpl.invoke(DelegatingMethodAccessorImpl.java:43)
at java.base/java.lang.reflect.Method.invoke(Method.java:568)
at org.testng.internal.invokers.MethodInvocationHelper.invokeMethod(MethodInvocationHelper.java:139)
at org.testng.internal.invokers.TestInvoker.invokeMethod(TestInvoker.java:664)
at org.testng.internal.invokers.TestInvoker.invokeTestMethod(TestInvoker.java:227)
at org.testng.internal.invokers.MethodRunner.runInSequence(MethodRunner.java:50)
at org.testng.internal.invokers.TestInvoker$MethodInvocationAgent.invoke(TestInvoker.java:957)
at org.testng.internal.invokers.TestInvoker.invokeTestMethods(TestInvoker.java:200)
at org.testng.internal.invokers.TestMethodWorker.invokeTestMethods(TestMethodWorker.java:148)
at org.testng.internal.invokers.TestMethodWorker.run(TestMethodWorker.java:128)
at java.base/java.util.ArrayList.forEach(ArrayList.java:1511)
at org.testng.TestRunner.privateRun(TestRunner.java:848)
at org.testng.TestRunner.run(TestRunner.java:621)
at org.testng.SuiteRunner.runTest(SuiteRunner.java:443)
at org.testng.SuiteRunner.runSequentially(SuiteRunner.java:437)
at org.testng.SuiteRunner.privateRun(SuiteRunner.java:397)
at org.testng.SuiteRunner.run(SuiteRunner.java:336)
at org.testng.SuiteRunnerWorker.runSuite(SuiteRunnerWorker.java:52)
at org.testng.SuiteRunnerWorker.run(SuiteRunnerWorker.java:95)
at org.testng.TestNG.runSuitesSequentially(TestNG.java:1280)
at org.testng.TestNG.runSuitesLocally(TestNG.java:1200)
at org.testng.TestNG.runSuites(TestNG.java:1114)
at org.testng.TestNG.run(TestNG.java:1082)
at org.apache.maven.surefire.testng.TestNGExecutor.run(TestNGExecutor.java:324)
at org.apache.maven.surefire.testng.TestNGXmlTestSuite.execute(TestNGXmlTestSuite.java:74)
at org.apache.maven.surefire.testng.TestNGProvider.invoke(TestNGProvider.java:123)
at org.apache.maven.surefire.booter.ForkedBooter.runSuitesInProcess(ForkedBooter.java:456)
at org.apache.maven.surefire.booter.ForkedBooter.execute(ForkedBooter.java:169)
at org.apache.maven.surefire.booter.ForkedBooter.run(ForkedBooter.java:595)
at org.apache.maven.surefire.booter.ForkedBooter.main(ForkedBooter.java:581)
]]>
            </full-stacktrace>
          </exception> <!-- java.lang.AssertionError -->
          <reporter-output>
          </reporter-output>
        </test-method> <!-- testCase5_CheckLeverApplicationForm -->
        <test-method is-config="true" signature="teardown(org.testng.ITestResult)[pri:0, instance:tests.CareersTest@71b1176b]" started-at="2024-12-11T14:41:03 TRT" name="teardown" finished-at="2024-12-11T14:41:04 TRT" duration-ms="761" status="PASS">
          <params>
            <param index="0">
              <value>
                <![CDATA[[TestResult name=testCase5_CheckLeverApplicationForm status=FAILURE method=CareersTest.testCase5_CheckLeverApplicationForm()[pri:0, instance:tests.CareersTest@71b1176b] output={null}]]]>
              </value>
            </param>
          </params>
          <reporter-output>
          </reporter-output>
        </test-method> <!-- teardown -->
      </class> <!-- tests.CareersTest -->
    </test> <!-- Test with browser parameter -->
  </suite> <!-- All Test Suite -->
</testng-results>
