<?xml version="1.0" encoding="UTF-8" ?>
<testsuite tests="15" failures="1" name="tests.CareersTest" time="0.355" errors="0" skipped="14">
  <properties>
[...]
</properties>
  <testcase classname="tests.CareersTest" name="setup" time="0.34">
    <failure message="
Parameter &apos;browser&apos; is required by BeforeMethod on method setup but has not been marked @Optional or defined
" type="org.testng.TestNGException">org.testng.TestNGException: 
Parameter &apos;browser&apos; is required by BeforeMethod on method setup but has not been marked @Optional or defined
	at org.testng.internal.Parameters.createParams(Parameters.java:267)
	at org.testng.internal.Parameters.createParametersForMethod(Parameters.java:355)
	at org.testng.internal.Parameters.createParameters(Parameters.java:684)
	at org.testng.internal.Parameters.createConfigurationParameters(Parameters.java:166)
	at org.testng.internal.invokers.ConfigInvoker.invokeConfigurations(ConfigInvoker.java:306)
	at org.testng.internal.invokers.TestInvoker.runConfigMethods(TestInvoker.java:810)
	at org.testng.internal.invokers.TestInvoker.invokeMethod(TestInvoker.java:577)
	at org.testng.internal.invokers.TestInvoker.invokeTestMethod(TestInvoker.java:227)
	at org.testng.internal.invokers.MethodRunner.runInSequence(MethodRunner.java:50)
	at org.testng.internal.invokers.TestInvoker$MethodInvocationAgent.invoke(TestInvoker.java:957)
	at org.testng.internal.invokers.TestInvoker.invokeTestMethods(TestInvoker.java:200)
	at org.testng.internal.invokers.TestMethodWorker.invokeTestMethods(TestMethodWorker.java:148)
	at org.testng.internal.invokers.TestMethodWorker.run(TestMethodWorker.java:128)
	at java.base/java.util.ArrayList.forEach(ArrayList.java:1511)
	at org.testng.TestRunner.privateRun(TestRunner.java:848)
	at org.testng.TestRunner.run(TestRunner.java:621)
	at org.testng.SuiteRunner.runTest(SuiteRunner.java:443)
	at org.testng.SuiteRunner.runSequentially(SuiteRunner.java:437)
	at org.testng.SuiteRunner.privateRun(SuiteRunner.java:397)
	at org.testng.SuiteRunner.run(SuiteRunner.java:336)
	at org.testng.SuiteRunnerWorker.runSuite(SuiteRunnerWorker.java:52)
	at org.testng.SuiteRunnerWorker.run(SuiteRunnerWorker.java:95)
	at org.testng.TestNG.runSuitesSequentially(TestNG.java:1280)
	at org.testng.TestNG.runSuitesLocally(TestNG.java:1200)
	at org.testng.TestNG.runSuites(TestNG.java:1114)
	at org.testng.TestNG.run(TestNG.java:1082)
	at org.apache.maven.surefire.testng.TestNGExecutor.run(TestNGExecutor.java:77)
	at org.apache.maven.surefire.testng.TestNGDirectoryTestSuite.execute(TestNGDirectoryTestSuite.java:110)
	at org.apache.maven.surefire.testng.TestNGProvider.invoke(TestNGProvider.java:106)
	at java.base/jdk.internal.reflect.NativeMethodAccessorImpl.invoke0(Native Method)
	at java.base/jdk.internal.reflect.NativeMethodAccessorImpl.invoke(NativeMethodAccessorImpl.java:77)
	at java.base/jdk.internal.reflect.DelegatingMethodAccessorImpl.invoke(DelegatingMethodAccessorImpl.java:43)
	at java.base/java.lang.reflect.Method.invoke(Method.java:568)
	at org.apache.maven.surefire.util.ReflectionUtils.invokeMethodWithArray(ReflectionUtils.java:189)
	at org.apache.maven.surefire.booter.ProviderFactory$ProviderProxy.invoke(ProviderFactory.java:165)
	at org.apache.maven.surefire.booter.ProviderFactory.invokeProvider(ProviderFactory.java:85)
	at org.apache.maven.surefire.booter.ForkedBooter.runSuitesInProcess(ForkedBooter.java:115)
	at org.apache.maven.surefire.booter.ForkedBooter.main(ForkedBooter.java:75)
</failure>
    <system-out>Configuring TestNG with: org.apache.maven.surefire.testng.conf.TestNG652Configurator@71f2a7d5
</system-out>
    <system-err>SLF4J: Failed to load class &quot;org.slf4j.impl.StaticLoggerBinder&quot;.
SLF4J: Defaulting to no-operation (NOP) logger implementation
SLF4J: See http://www.slf4j.org/codes.html#StaticLoggerBinder for further details.
</system-err>
  </testcase>
  <testcase classname="tests.CareersTest" name="testCase1_CheckHomePageOpened" time="0.002">
    <skipped/>
  </testcase>
  <testcase classname="tests.CareersTest" name="teardown" time="0.003">
    <skipped/>
  </testcase>
  <testcase classname="tests.CareersTest" name="setup" time="0.004">
    <skipped/>
  </testcase>
  <testcase classname="tests.CareersTest" name="testCase2_CheckCareersPageAndSections" time="0">
    <skipped/>
  </testcase>
  <testcase classname="tests.CareersTest" name="teardown" time="0">
    <skipped/>
  </testcase>
  <testcase classname="tests.CareersTest" name="setup" time="0.001">
    <skipped/>
  </testcase>
  <testcase classname="tests.CareersTest" name="testCase3_FilterQAJobsByLocationAndDepartment" time="0">
    <skipped/>
  </testcase>
  <testcase classname="tests.CareersTest" name="teardown" time="0.001">
    <skipped/>
  </testcase>
  <testcase classname="tests.CareersTest" name="setup" time="0.001">
    <skipped/>
  </testcase>
  <testcase classname="tests.CareersTest" name="testCase4_VerifyJobDetails" time="0">
    <skipped/>
  </testcase>
  <testcase classname="tests.CareersTest" name="teardown" time="0.001">
    <skipped/>
  </testcase>
  <testcase classname="tests.CareersTest" name="setup" time="0.002">
    <skipped/>
  </testcase>
  <testcase classname="tests.CareersTest" name="testCase5_CheckLeverApplicationForm" time="0">
    <skipped/>
  </testcase>
  <testcase classname="tests.CareersTest" name="teardown" time="0">
    <skipped/>
  </testcase>
</testsuite>