<?xml version="1.0" encoding="UTF-8"?>
<!-- Generated by org.testng.reporters.JUnitXMLReporter -->
<testsuite ignored="0" hostname="Ecems-MacBook-Pro.local" failures="1" tests="5" name="Test with browser parameter" time="228.246" errors="0" timestamp="2024-12-11T14:41:04 TRT">
  <testcase classname="tests.CareersTest" name="testCase1_CheckHomePageOpened" time="0.008"/>
  <testcase classname="tests.CareersTest" name="testCase2_CheckCareersPageAndSections" time="3.069"/>
  <testcase classname="tests.CareersTest" name="testCase3_FilterQAJobsByLocationAndDepartment" time="3.124"/>
  <testcase classname="tests.CareersTest" name="testCase4_VerifyJobDetails" time="3.753"/>
  <testcase classname="tests.CareersTest" name="testCase5_CheckLeverApplicationForm" time="34.139">
    <failure type="java.lang.AssertionError" message="The redirected URL is incorrect! expected [true] but found [false]">
      <![CDATA[java.lang.AssertionError: The redirected URL is incorrect! expected [true] but found [false]
at pages.QAJobsPage.verifyRedirectedURLInNewTab(QAJobsPage.java:129)
at tests.CareersTest.testCase5_CheckLeverApplicationForm(CareersTest.java:79)
at java.base/java.util.ArrayList.forEach(ArrayList.java:1511)
... Removed 34 stack frames]]>
    </failure>
  </testcase> <!-- testCase5_CheckLeverApplicationForm -->
</testsuite> <!-- Test with browser parameter -->
